<?xml version="1.0" encoding="UTF-8"?>
<testng-results ignored="0" total="0" passed="0" failed="0" skipped="0">
  <reporter-output>
  </reporter-output>
  <suite started-at="2019-11-12T01:17:32Z" name="test.LoginTest" finished-at="2019-11-12T01:17:32Z" duration-ms="4">
    <groups>
    </groups>
    <test started-at="2019-11-12T01:17:32Z" name="Command line test" finished-at="2019-11-12T01:17:32Z" duration-ms="4">
    </test> <!-- Command line test -->
  </suite> <!-- test.LoginTest -->
</testng-results>
